<?xml version="1.0" encoding="UTF-8"?>
<!-- Generated by org.testng.reporters.JUnitReportReporter -->
<testsuite skipped="0" hostname="PC-20150630XTJU" name="com.starv.tbb.testcase.TestCase" tests="1" failures="0" timestamp="29 十一月 2017 07:04:29 GMT" time="1.611" errors="0">
  <testcase name="loginData" time="1.611" classname="com.starv.tbb.testcase.TestCase"/>
</testsuite> <!-- com.starv.tbb.testcase.TestCase -->
