<?xml version="1.0" encoding="UTF-8"?>
<!-- Generated by org.testng.reporters.JUnitReportReporter -->
<testsuite skipped="0" hostname="PC-20150630XTJU" name="com.starv.tbb.testcase.Login" tests="1" failures="0" timestamp="16 十一月 2017 10:01:51 GMT" time="5.660" errors="0">
  <testcase name="loginSucess" time="5.660" classname="com.starv.tbb.testcase.Login"/>
</testsuite> <!-- com.starv.tbb.testcase.Login -->
