<?xml version="1.0" encoding="UTF-8"?>
<!-- Generated by org.testng.reporters.JUnitReportReporter -->
<testsuite skipped="0" hostname="PC-20150630XTJU" name="com.starv.tbb.testcase.BaiduTest" tests="2" failures="0" timestamp="29 十一月 2017 09:53:34 GMT" time="1.684" errors="0">
  <testcase name="testBaidu" time="0.731" classname="com.starv.tbb.testcase.BaiduTest"/>
  <testcase name="testBaidu" time="0.953" classname="com.starv.tbb.testcase.BaiduTest"/>
</testsuite> <!-- com.starv.tbb.testcase.BaiduTest -->
