<?xml version="1.0" encoding="UTF-8"?>
<!-- Generated by org.testng.reporters.JUnitReportReporter -->
<testsuite skipped="0" hostname="PC-20150630XTJU" name="com.starv.tbb.testcase.LoginTest" tests="1" failures="0" timestamp="29 十一月 2017 09:53:34 GMT" time="1.425" errors="0">
  <testcase name="loginData" time="1.425" classname="com.starv.tbb.testcase.LoginTest"/>
</testsuite> <!-- com.starv.tbb.testcase.LoginTest -->
