<?xml version="1.0" encoding="UTF-8"?>
<!-- Generated by org.testng.reporters.JUnitReportReporter -->
<testsuite skipped="0" hostname="PC-20150630XTJU" name="com.starv.tbb.testcase.BaseCase" tests="1" failures="0" timestamp="28 十一月 2017 02:00:30 GMT" time="1.408" errors="0">
  <testcase name="loginData" time="1.408" classname="com.starv.tbb.testcase.BaseCase"/>
</testsuite> <!-- com.starv.tbb.testcase.BaseCase -->
